<?xml version="1.0" encoding="UTF-8"?>
<!-- Generated by org.testng.reporters.JUnitReportReporter -->
<testsuite hostname="VJ-PC" name="Pack1.MultipleDataRediffLogin" tests="1" failures="0" timestamp="23 Feb 2016 21:43:26 GMT" time="28.288" errors="0">
  <testcase name="rediffmultipledata" time="28.288" classname="Pack1.MultipleDataRediffLogin"/>
</testsuite> <!-- Pack1.MultipleDataRediffLogin -->
