<?xml version="1.0" encoding="UTF-8"?>
<!-- Generated by org.testng.reporters.JUnitReportReporter -->
<testsuite hostname="VJ-PC" name="Pack1.RediffLogin" tests="1" failures="0" timestamp="23 May 2016 12:55:41 GMT" time="46.768" errors="0">
  <testcase name="RediffLoginXLSreader" time="46.768" classname="Pack1.RediffLogin"/>
</testsuite> <!-- Pack1.RediffLogin -->
